Determining if the pthread_create exist failed with the following output:
Change Dir: /home/jian/qt_trail/build/CMakeFiles/CMakeTmp

Run Build Command:"/usr/bin/make" "cmTC_58213/fast"
/usr/bin/make -f CMakeFiles/cmTC_58213.dir/build.make CMakeFiles/cmTC_58213.dir/build
make[1]: Entering directory '/home/jian/qt_trail/build/CMakeFiles/CMakeTmp'
Building C object CMakeFiles/cmTC_58213.dir/CheckSymbolExists.c.o
/usr/bin/cc     -o CMakeFiles/cmTC_58213.dir/CheckSymbolExists.c.o   -c /home/jian/qt_trail/build/CMakeFiles/CMakeTmp/CheckSymbolExists.c
Linking C executable cmTC_58213
/usr/bin/cmake -E cmake_link_script CMakeFiles/cmTC_58213.dir/link.txt --verbose=1
/usr/bin/cc       CMakeFiles/cmTC_58213.dir/CheckSymbolExists.c.o  -o cmTC_58213 -rdynamic 
CMakeFiles/cmTC_58213.dir/CheckSymbolExists.c.o: In function `main':
CheckSymbolExists.c:(.text+0x16): undefined reference to `pthread_create'
collect2: error: ld returned 1 exit status
CMakeFiles/cmTC_58213.dir/build.make:97: recipe for target 'cmTC_58213' failed
make[1]: *** [cmTC_58213] Error 1
make[1]: Leaving directory '/home/jian/qt_trail/build/CMakeFiles/CMakeTmp'
Makefile:126: recipe for target 'cmTC_58213/fast' failed
make: *** [cmTC_58213/fast] Error 2

File /home/jian/qt_trail/build/CMakeFiles/CMakeTmp/CheckSymbolExists.c:
/* */
#include <pthread.h>

int main(int argc, char** argv)
{
  (void)argv;
#ifndef pthread_create
  return ((int*)(&pthread_create))[argc];
#else
  (void)argc;
  return 0;
#endif
}

Determining if the function pthread_create exists in the pthreads failed with the following output:
Change Dir: /home/jian/qt_trail/build/CMakeFiles/CMakeTmp

Run Build Command:"/usr/bin/make" "cmTC_ceb31/fast"
/usr/bin/make -f CMakeFiles/cmTC_ceb31.dir/build.make CMakeFiles/cmTC_ceb31.dir/build
make[1]: Entering directory '/home/jian/qt_trail/build/CMakeFiles/CMakeTmp'
Building C object CMakeFiles/cmTC_ceb31.dir/CheckFunctionExists.c.o
/usr/bin/cc    -DCHECK_FUNCTION_EXISTS=pthread_create   -o CMakeFiles/cmTC_ceb31.dir/CheckFunctionExists.c.o   -c /usr/share/cmake-3.5/Modules/CheckFunctionExists.c
Linking C executable cmTC_ceb31
/usr/bin/cmake -E cmake_link_script CMakeFiles/cmTC_ceb31.dir/link.txt --verbose=1
/usr/bin/cc   -DCHECK_FUNCTION_EXISTS=pthread_create    CMakeFiles/cmTC_ceb31.dir/CheckFunctionExists.c.o  -o cmTC_ceb31 -rdynamic -lpthreads 
/usr/bin/ld: cannot find -lpthreads
collect2: error: ld returned 1 exit status
CMakeFiles/cmTC_ceb31.dir/build.make:97: recipe for target 'cmTC_ceb31' failed
make[1]: *** [cmTC_ceb31] Error 1
make[1]: Leaving directory '/home/jian/qt_trail/build/CMakeFiles/CMakeTmp'
Makefile:126: recipe for target 'cmTC_ceb31/fast' failed
make: *** [cmTC_ceb31/fast] Error 2


Determining if the Q_WS_WIN exist failed with the following output:
Change Dir: /home/jian/qt_trail/build/CMakeFiles/CMakeTmp

Run Build Command:"/usr/bin/make" "cmTC_80beb/fast"
/usr/bin/make -f CMakeFiles/cmTC_80beb.dir/build.make CMakeFiles/cmTC_80beb.dir/build
make[1]: Entering directory '/home/jian/qt_trail/build/CMakeFiles/CMakeTmp'
Building CXX object CMakeFiles/cmTC_80beb.dir/CheckSymbolExists.cxx.o
/usr/bin/c++    -I/usr/include/qt4   -o CMakeFiles/cmTC_80beb.dir/CheckSymbolExists.cxx.o -c /home/jian/qt_trail/build/CMakeFiles/CMakeTmp/CheckSymbolExists.cxx
/home/jian/qt_trail/build/CMakeFiles/CMakeTmp/CheckSymbolExists.cxx: In function ‘int main(int, char**)’:
/home/jian/qt_trail/build/CMakeFiles/CMakeTmp/CheckSymbolExists.cxx:8:19: error: ‘Q_WS_WIN’ was not declared in this scope
   return ((int*)(&Q_WS_WIN))[argc];
                   ^
CMakeFiles/cmTC_80beb.dir/build.make:65: recipe for target 'CMakeFiles/cmTC_80beb.dir/CheckSymbolExists.cxx.o' failed
make[1]: *** [CMakeFiles/cmTC_80beb.dir/CheckSymbolExists.cxx.o] Error 1
make[1]: Leaving directory '/home/jian/qt_trail/build/CMakeFiles/CMakeTmp'
Makefile:126: recipe for target 'cmTC_80beb/fast' failed
make: *** [cmTC_80beb/fast] Error 2

File /home/jian/qt_trail/build/CMakeFiles/CMakeTmp/CheckSymbolExists.cxx:
/* */
#include <QtCore/qglobal.h>

int main(int argc, char** argv)
{
  (void)argv;
#ifndef Q_WS_WIN
  return ((int*)(&Q_WS_WIN))[argc];
#else
  (void)argc;
  return 0;
#endif
}

Determining if the Q_WS_QWS exist failed with the following output:
Change Dir: /home/jian/qt_trail/build/CMakeFiles/CMakeTmp

Run Build Command:"/usr/bin/make" "cmTC_19a04/fast"
/usr/bin/make -f CMakeFiles/cmTC_19a04.dir/build.make CMakeFiles/cmTC_19a04.dir/build
make[1]: Entering directory '/home/jian/qt_trail/build/CMakeFiles/CMakeTmp'
Building CXX object CMakeFiles/cmTC_19a04.dir/CheckSymbolExists.cxx.o
/usr/bin/c++    -I/usr/include/qt4   -o CMakeFiles/cmTC_19a04.dir/CheckSymbolExists.cxx.o -c /home/jian/qt_trail/build/CMakeFiles/CMakeTmp/CheckSymbolExists.cxx
/home/jian/qt_trail/build/CMakeFiles/CMakeTmp/CheckSymbolExists.cxx: In function ‘int main(int, char**)’:
/home/jian/qt_trail/build/CMakeFiles/CMakeTmp/CheckSymbolExists.cxx:8:19: error: ‘Q_WS_QWS’ was not declared in this scope
   return ((int*)(&Q_WS_QWS))[argc];
                   ^
CMakeFiles/cmTC_19a04.dir/build.make:65: recipe for target 'CMakeFiles/cmTC_19a04.dir/CheckSymbolExists.cxx.o' failed
make[1]: *** [CMakeFiles/cmTC_19a04.dir/CheckSymbolExists.cxx.o] Error 1
make[1]: Leaving directory '/home/jian/qt_trail/build/CMakeFiles/CMakeTmp'
Makefile:126: recipe for target 'cmTC_19a04/fast' failed
make: *** [cmTC_19a04/fast] Error 2

File /home/jian/qt_trail/build/CMakeFiles/CMakeTmp/CheckSymbolExists.cxx:
/* */
#include <QtCore/qglobal.h>

int main(int argc, char** argv)
{
  (void)argv;
#ifndef Q_WS_QWS
  return ((int*)(&Q_WS_QWS))[argc];
#else
  (void)argc;
  return 0;
#endif
}

Determining if the Q_WS_MAC exist failed with the following output:
Change Dir: /home/jian/qt_trail/build/CMakeFiles/CMakeTmp

Run Build Command:"/usr/bin/make" "cmTC_78110/fast"
/usr/bin/make -f CMakeFiles/cmTC_78110.dir/build.make CMakeFiles/cmTC_78110.dir/build
make[1]: Entering directory '/home/jian/qt_trail/build/CMakeFiles/CMakeTmp'
Building CXX object CMakeFiles/cmTC_78110.dir/CheckSymbolExists.cxx.o
/usr/bin/c++    -I/usr/include/qt4   -o CMakeFiles/cmTC_78110.dir/CheckSymbolExists.cxx.o -c /home/jian/qt_trail/build/CMakeFiles/CMakeTmp/CheckSymbolExists.cxx
/home/jian/qt_trail/build/CMakeFiles/CMakeTmp/CheckSymbolExists.cxx: In function ‘int main(int, char**)’:
/home/jian/qt_trail/build/CMakeFiles/CMakeTmp/CheckSymbolExists.cxx:8:19: error: ‘Q_WS_MAC’ was not declared in this scope
   return ((int*)(&Q_WS_MAC))[argc];
                   ^
CMakeFiles/cmTC_78110.dir/build.make:65: recipe for target 'CMakeFiles/cmTC_78110.dir/CheckSymbolExists.cxx.o' failed
make[1]: *** [CMakeFiles/cmTC_78110.dir/CheckSymbolExists.cxx.o] Error 1
make[1]: Leaving directory '/home/jian/qt_trail/build/CMakeFiles/CMakeTmp'
Makefile:126: recipe for target 'cmTC_78110/fast' failed
make: *** [cmTC_78110/fast] Error 2

File /home/jian/qt_trail/build/CMakeFiles/CMakeTmp/CheckSymbolExists.cxx:
/* */
#include <QtCore/qglobal.h>

int main(int argc, char** argv)
{
  (void)argv;
#ifndef Q_WS_MAC
  return ((int*)(&Q_WS_MAC))[argc];
#else
  (void)argc;
  return 0;
#endif
}

